<?xml version="1.0" encoding="UTF-8"?>
<testng-results ignored="0" total="2" passed="0" failed="1" skipped="1">
  <reporter-output>
  </reporter-output>
  <suite started-at="2024-10-29T23:09:22 GMT-07:00" name="Suite" finished-at="2024-10-29T23:09:42 GMT-07:00" duration-ms="20691">
    <groups>
      <group name="purchaseOrder">
        <method signature="SubmitOrderTest.SubmitOrderTest(java.util.HashMap)[pri:0, instance:testNGTFramework.SubmitOrderTest@6e0f5f7f]" name="SubmitOrderTest" class="testNGTFramework.SubmitOrderTest"/>
      </group> <!-- purchaseOrder -->
    </groups>
    <test started-at="2024-10-29T23:09:22 GMT-07:00" name="Test" finished-at="2024-10-29T23:09:42 GMT-07:00" duration-ms="20691">
      <class name="testNGTFramework.SubmitOrderTest">
        <test-method is-config="true" signature="launchAppliaction()[pri:0, instance:testNGTFramework.SubmitOrderTest@6e0f5f7f]" started-at="2024-10-29T23:09:22 GMT-07:00" name="launchAppliaction" finished-at="2024-10-29T23:09:39 GMT-07:00" duration-ms="17374" status="PASS">
          <reporter-output>
          </reporter-output>
        </test-method> <!-- launchAppliaction -->
        <test-method signature="SubmitOrderTest(java.util.HashMap)[pri:0, instance:testNGTFramework.SubmitOrderTest@6e0f5f7f]" started-at="2024-10-29T23:09:39 GMT-07:00" name="SubmitOrderTest" data-provider="getData" finished-at="2024-10-29T23:09:42 GMT-07:00" duration-ms="2763" status="FAIL">
          <params>
            <param index="0">
              <value>
                <![CDATA[{password=Dhanaji@123, product=ZARA COAT 3, email=dhanaji@gmail.com}]]>
              </value>
            </param>
          </params>
          <exception class="org.openqa.selenium.ElementClickInterceptedException">
            <message>
              <![CDATA[element click intercepted: Element <button _ngcontent-hfq-c33="" routerlink="/dashboard/cart" class="btn btn-custom" style="margin-top: -10px;" tabindex="0">...</button> is not clickable at point (1280, 27). Other element would receive the click: <div _ngcontent-hfq-c31="" class="ngx-spinner-overlay ng-tns-c31-1 ng-trigger ng-trigger-fadeIn ng-star-inserted ng-animating" style="background-color: rgba(51, 51, 51, 0.8); z-index: 99999; position: fixed;">...</div>
  (Session info: chrome=130.0.6723.91)
Build info: version: '4.24.0', revision: '748ffc9bc3'
System info: os.name: 'Windows 10', os.arch: 'amd64', os.version: '10.0', java.version: '17.0.8.1'
Driver info: org.openqa.selenium.chrome.ChromeDriver
Command: [f9c0fe8ff478088b5d2c2d7454e912cf, clickElement {id=f.99938E9EBBCE1C534F330F430CB4A793.d.C6AE69EC9C6BC2B25C9A7968B9AF7350.e.92}]
Capabilities {acceptInsecureCerts: false, browserName: chrome, browserVersion: 130.0.6723.91, chrome: {chromedriverVersion: 130.0.6723.91 (53ac07678369..., userDataDir: C:\Users\DHANAJ~1\AppData\L...}, fedcm:accounts: true, goog:chromeOptions: {debuggerAddress: localhost:60159}, networkConnectionEnabled: false, pageLoadStrategy: normal, platformName: windows, proxy: Proxy(), se:cdp: ws://localhost:60159/devtoo..., se:cdpVersion: 130.0.6723.91, setWindowRect: true, strictFileInteractability: false, timeouts: {implicit: 0, pageLoad: 300000, script: 30000}, unhandledPromptBehavior: dismiss and notify, webauthn:extension:credBlob: true, webauthn:extension:largeBlob: true, webauthn:extension:minPinLength: true, webauthn:extension:prf: true, webauthn:virtualAuthenticators: true}
Element: [[ChromeDriver: chrome on windows (f9c0fe8ff478088b5d2c2d7454e912cf)] -> css selector: [routerlink*='cart']]
Session ID: f9c0fe8ff478088b5d2c2d7454e912cf]]>
            </message>
            <full-stacktrace>
              <![CDATA[org.openqa.selenium.ElementClickInterceptedException: element click intercepted: Element <button _ngcontent-hfq-c33="" routerlink="/dashboard/cart" class="btn btn-custom" style="margin-top: -10px;" tabindex="0">...</button> is not clickable at point (1280, 27). Other element would receive the click: <div _ngcontent-hfq-c31="" class="ngx-spinner-overlay ng-tns-c31-1 ng-trigger ng-trigger-fadeIn ng-star-inserted ng-animating" style="background-color: rgba(51, 51, 51, 0.8); z-index: 99999; position: fixed;">...</div>
  (Session info: chrome=130.0.6723.91)
Build info: version: '4.24.0', revision: '748ffc9bc3'
System info: os.name: 'Windows 10', os.arch: 'amd64', os.version: '10.0', java.version: '17.0.8.1'
Driver info: org.openqa.selenium.chrome.ChromeDriver
Command: [f9c0fe8ff478088b5d2c2d7454e912cf, clickElement {id=f.99938E9EBBCE1C534F330F430CB4A793.d.C6AE69EC9C6BC2B25C9A7968B9AF7350.e.92}]
Capabilities {acceptInsecureCerts: false, browserName: chrome, browserVersion: 130.0.6723.91, chrome: {chromedriverVersion: 130.0.6723.91 (53ac07678369..., userDataDir: C:\Users\DHANAJ~1\AppData\L...}, fedcm:accounts: true, goog:chromeOptions: {debuggerAddress: localhost:60159}, networkConnectionEnabled: false, pageLoadStrategy: normal, platformName: windows, proxy: Proxy(), se:cdp: ws://localhost:60159/devtoo..., se:cdpVersion: 130.0.6723.91, setWindowRect: true, strictFileInteractability: false, timeouts: {implicit: 0, pageLoad: 300000, script: 30000}, unhandledPromptBehavior: dismiss and notify, webauthn:extension:credBlob: true, webauthn:extension:largeBlob: true, webauthn:extension:minPinLength: true, webauthn:extension:prf: true, webauthn:virtualAuthenticators: true}
Element: [[ChromeDriver: chrome on windows (f9c0fe8ff478088b5d2c2d7454e912cf)] -> css selector: [routerlink*='cart']]
Session ID: f9c0fe8ff478088b5d2c2d7454e912cf
at java.base/jdk.internal.reflect.NativeConstructorAccessorImpl.newInstance0(Native Method)
at java.base/jdk.internal.reflect.NativeConstructorAccessorImpl.newInstance(NativeConstructorAccessorImpl.java:77)
at java.base/jdk.internal.reflect.DelegatingConstructorAccessorImpl.newInstance(DelegatingConstructorAccessorImpl.java:45)
at java.base/java.lang.reflect.Constructor.newInstanceWithCaller(Constructor.java:499)
at java.base/java.lang.reflect.Constructor.newInstance(Constructor.java:480)
at org.openqa.selenium.remote.ErrorCodec.decode(ErrorCodec.java:167)
at org.openqa.selenium.remote.codec.w3c.W3CHttpResponseCodec.decode(W3CHttpResponseCodec.java:138)
at org.openqa.selenium.remote.codec.w3c.W3CHttpResponseCodec.decode(W3CHttpResponseCodec.java:50)
at org.openqa.selenium.remote.HttpCommandExecutor.execute(HttpCommandExecutor.java:190)
at org.openqa.selenium.remote.service.DriverCommandExecutor.invokeExecute(DriverCommandExecutor.java:216)
at org.openqa.selenium.remote.service.DriverCommandExecutor.execute(DriverCommandExecutor.java:174)
at org.openqa.selenium.remote.RemoteWebDriver.execute(RemoteWebDriver.java:545)
at org.openqa.selenium.remote.RemoteWebElement.execute(RemoteWebElement.java:223)
at org.openqa.selenium.remote.RemoteWebElement.click(RemoteWebElement.java:76)
at java.base/jdk.internal.reflect.NativeMethodAccessorImpl.invoke0(Native Method)
at java.base/jdk.internal.reflect.NativeMethodAccessorImpl.invoke(NativeMethodAccessorImpl.java:77)
at java.base/jdk.internal.reflect.DelegatingMethodAccessorImpl.invoke(DelegatingMethodAccessorImpl.java:43)
at java.base/java.lang.reflect.Method.invoke(Method.java:568)
at org.openqa.selenium.support.pagefactory.internal.LocatingElementHandler.invoke(LocatingElementHandler.java:51)
at jdk.proxy2/jdk.proxy2.$Proxy16.click(Unknown Source)
at testNGFramework.AbstractComponent.AbstractComponent.goToCartPage(AbstractComponent.java:55)
at testNGTFramework.SubmitOrderTest.SubmitOrderTest(SubmitOrderTest.java:40)
at java.base/jdk.internal.reflect.NativeMethodAccessorImpl.invoke0(Native Method)
at java.base/jdk.internal.reflect.NativeMethodAccessorImpl.invoke(NativeMethodAccessorImpl.java:77)
at java.base/jdk.internal.reflect.DelegatingMethodAccessorImpl.invoke(DelegatingMethodAccessorImpl.java:43)
at java.base/java.lang.reflect.Method.invoke(Method.java:568)
at org.testng.internal.MethodInvocationHelper.invokeMethod(MethodInvocationHelper.java:133)
at org.testng.internal.TestInvoker.invokeMethod(TestInvoker.java:598)
at org.testng.internal.TestInvoker.invokeTestMethod(TestInvoker.java:173)
at org.testng.internal.MethodRunner.runInSequence(MethodRunner.java:46)
at org.testng.internal.TestInvoker$MethodInvocationAgent.invoke(TestInvoker.java:824)
at org.testng.internal.TestInvoker.invokeTestMethods(TestInvoker.java:146)
at org.testng.internal.TestMethodWorker.invokeTestMethods(TestMethodWorker.java:146)
at org.testng.internal.TestMethodWorker.run(TestMethodWorker.java:128)
at java.base/java.util.ArrayList.forEach(ArrayList.java:1511)
at org.testng.TestRunner.privateRun(TestRunner.java:794)
at org.testng.TestRunner.run(TestRunner.java:596)
at org.testng.SuiteRunner.runTest(SuiteRunner.java:377)
at org.testng.SuiteRunner.access$000(SuiteRunner.java:28)
at org.testng.SuiteRunner$SuiteWorker.run(SuiteRunner.java:418)
at org.testng.internal.thread.ThreadUtil.lambda$execute$0(ThreadUtil.java:64)
at java.base/java.util.concurrent.FutureTask.run(FutureTask.java:264)
at java.base/java.util.concurrent.ThreadPoolExecutor.runWorker(ThreadPoolExecutor.java:1136)
at java.base/java.util.concurrent.ThreadPoolExecutor$Worker.run(ThreadPoolExecutor.java:635)
at java.base/java.lang.Thread.run(Thread.java:833)
]]>
            </full-stacktrace>
          </exception> <!-- org.openqa.selenium.ElementClickInterceptedException -->
          <reporter-output>
          </reporter-output>
        </test-method> <!-- SubmitOrderTest -->
        <test-method is-config="true" signature="tearDown()[pri:0, instance:testNGTFramework.SubmitOrderTest@6e0f5f7f]" started-at="2024-10-29T23:09:42 GMT-07:00" name="tearDown" finished-at="2024-10-29T23:09:42 GMT-07:00" duration-ms="421" status="PASS">
          <reporter-output>
          </reporter-output>
        </test-method> <!-- tearDown -->
        <test-method signature="orderHistoryConfirmation(java.util.HashMap)[pri:0, instance:testNGTFramework.SubmitOrderTest@6e0f5f7f]" started-at="2024-10-29T23:09:42 GMT-07:00" name="orderHistoryConfirmation" finished-at="2024-10-29T23:09:42 GMT-07:00" depends-on-methods="testNGTFramework.SubmitOrderTest.SubmitOrderTest" duration-ms="0" status="SKIP">
          <exception class="java.lang.Throwable">
            <message>
              <![CDATA[Method SubmitOrderTest.orderHistoryConfirmation(java.util.HashMap)[pri:0, instance:testNGTFramework.SubmitOrderTest@6e0f5f7f] depends on not successfully finished methods]]>
            </message>
            <full-stacktrace>
              <![CDATA[java.lang.Throwable: Method SubmitOrderTest.orderHistoryConfirmation(java.util.HashMap)[pri:0, instance:testNGTFramework.SubmitOrderTest@6e0f5f7f] depends on not successfully finished methods
at org.testng.internal.TestInvoker.invokeTestMethods(TestInvoker.java:102)
at org.testng.internal.TestMethodWorker.invokeTestMethods(TestMethodWorker.java:146)
at org.testng.internal.TestMethodWorker.run(TestMethodWorker.java:128)
at java.base/java.util.ArrayList.forEach(ArrayList.java:1511)
at org.testng.TestRunner.privateRun(TestRunner.java:794)
at org.testng.TestRunner.run(TestRunner.java:596)
at org.testng.SuiteRunner.runTest(SuiteRunner.java:377)
at org.testng.SuiteRunner.access$000(SuiteRunner.java:28)
at org.testng.SuiteRunner$SuiteWorker.run(SuiteRunner.java:418)
at org.testng.internal.thread.ThreadUtil.lambda$execute$0(ThreadUtil.java:64)
at java.base/java.util.concurrent.FutureTask.run(FutureTask.java:264)
at java.base/java.util.concurrent.ThreadPoolExecutor.runWorker(ThreadPoolExecutor.java:1136)
at java.base/java.util.concurrent.ThreadPoolExecutor$Worker.run(ThreadPoolExecutor.java:635)
at java.base/java.lang.Thread.run(Thread.java:833)
]]>
            </full-stacktrace>
          </exception> <!-- java.lang.Throwable -->
          <reporter-output>
          </reporter-output>
        </test-method> <!-- orderHistoryConfirmation -->
      </class> <!-- testNGTFramework.SubmitOrderTest -->
    </test> <!-- Test -->
  </suite> <!-- Suite -->
</testng-results>
